d:\opengl\learnopengl\learnopengl\x64\debug\vc143.pdb
d:\opengl\learnopengl\learnopengl\x64\debug\vc143.idb
d:\opengl\learnopengl\learnopengl\x64\debug\practice3.obj
d:\opengl\learnopengl\learnopengl\x64\debug\practice2.obj
d:\opengl\learnopengl\learnopengl\x64\debug\practice1.obj
d:\opengl\learnopengl\learnopengl\x64\debug\main.obj
d:\opengl\learnopengl\learnopengl\x64\debug\firsttriangle.obj
d:\opengl\learnopengl\learnopengl\x64\debug\firstrectangle.obj
d:\opengl\learnopengl\learnopengl\x64\debug\glad.obj
d:\opengl\learnopengl\learnopengl\x64\debug\uniformtest.obj
d:\opengl\learnopengl\learnopengl\x64\debug\shader.obj
d:\opengl\learnopengl\learnopengl\x64\debug\setmoreattribute.obj
d:\opengl\learnopengl\x64\debug\learnopengl.exe
d:\opengl\learnopengl\learnopengl\x64\debug\learnopengl.ilk
d:\opengl\learnopengl\x64\debug\learnopengl.pdb
d:\opengl\learnopengl\learnopengl\x64\debug\learnopengl.tlog\cl.command.1.tlog
d:\opengl\learnopengl\learnopengl\x64\debug\learnopengl.tlog\cl.read.1.tlog
d:\opengl\learnopengl\learnopengl\x64\debug\learnopengl.tlog\cl.write.1.tlog
d:\opengl\learnopengl\learnopengl\x64\debug\learnopengl.tlog\link.command.1.tlog
d:\opengl\learnopengl\learnopengl\x64\debug\learnopengl.tlog\link.read.1.tlog
d:\opengl\learnopengl\learnopengl\x64\debug\learnopengl.tlog\link.write.1.tlog
